Internal ctest changing into directory: D:/.dima/misis2023f-23-check/misis2024s-23-01-khloptsev-a-e/build.check
Test project D:/.dima/misis2023f-23-check/misis2024s-23-01-khloptsev-a-e/build.check
      Start  1: doctest_bitset
      Start  2: doctest_bitset_m
      Start  3: doctest_complex
      Start  4: doctest_complex_io
      Start  5: doctest_complex_m
      Start  6: doctest_rational
      Start  7: doctest_rational_io
      Start  8: doctest_rational_m
      Start  9: doctest_dynarr
      Start 10: doctest_dynarr_m
      Start 11: doctest_queuearr
      Start 12: doctest_queuearr_m
      Start 13: doctest_queuelst
      Start 14: doctest_queuelst_m
      Start 15: doctest_queuelstpr
 1/20 Test  #1: doctest_bitset ...................***Failed    0.19 sec
      Start 16: doctest_queuelstpr_m
 2/20 Test  #2: doctest_bitset_m .................   Passed    0.18 sec
      Start 17: doctest_stackarr
 3/20 Test  #3: doctest_complex ..................   Passed    0.18 sec
      Start 18: doctest_stackarr_m
 4/20 Test  #4: doctest_complex_io ...............   Passed    0.18 sec
      Start 19: doctest_stacklst
 5/20 Test  #5: doctest_complex_m ................   Passed    0.18 sec
      Start 20: doctest_stacklst_m
 6/20 Test  #6: doctest_rational .................   Passed    0.18 sec
 7/20 Test  #8: doctest_rational_m ...............   Passed    0.16 sec
 8/20 Test  #9: doctest_dynarr ...................   Passed    0.15 sec
 9/20 Test #10: doctest_dynarr_m .................   Passed    0.14 sec
10/20 Test #11: doctest_queuearr .................***Failed    0.12 sec
11/20 Test #12: doctest_queuearr_m ...............   Passed    0.11 sec
12/20 Test #13: doctest_queuelst .................***Failed    0.10 sec
13/20 Test #14: doctest_queuelst_m ...............***Failed    0.09 sec
14/20 Test #15: doctest_queuelstpr ...............***Failed    0.08 sec
15/20 Test #16: doctest_queuelstpr_m .............   Passed    0.07 sec
16/20 Test #17: doctest_stackarr .................   Passed    0.05 sec
17/20 Test #18: doctest_stackarr_m ...............   Passed    0.04 sec
18/20 Test #19: doctest_stacklst .................***Failed    0.03 sec
19/20 Test #20: doctest_stacklst_m ...............   Passed    0.02 sec
20/20 Test  #7: doctest_rational_io ..............***Timeout   9.94 sec

65% tests passed, 7 tests failed out of 20

Total Test time (real) =  10.03 sec

The following tests FAILED:
	  1 - doctest_bitset (Failed)
	  7 - doctest_rational_io (Timeout)
	 11 - doctest_queuearr (Failed)
	 13 - doctest_queuelst (Failed)
	 14 - doctest_queuelst_m (Failed)
	 15 - doctest_queuelstpr (Failed)
	 19 - doctest_stacklst (Failed)
